2024-11-06 14:31:28.332 [info] [main] Log level: Info
2024-11-06 14:31:28.333 [info] [main] Validating found git in: "git"
2024-11-06 14:31:28.333 [info] [main] Using git "2.47.0" from "git"
2024-11-06 14:31:28.333 [info] [Model][doInitialScan] Initial repository scan started
2024-11-06 14:31:28.333 [info] > git rev-parse --show-toplevel [7ms]
2024-11-06 14:31:28.333 [info] fatal: not a git repository (or any parent up to mount point /)
Stopping at filesystem boundary (GIT_DISCOVERY_ACROSS_FILESYSTEM not set).
2024-11-06 14:31:28.333 [info] > git rev-parse --show-toplevel [1ms]
2024-11-06 14:31:28.333 [info] fatal: not a git repository (or any parent up to mount point /)
Stopping at filesystem boundary (GIT_DISCOVERY_ACROSS_FILESYSTEM not set).
2024-11-06 14:31:28.338 [info] > git rev-parse --show-toplevel [1ms]
2024-11-06 14:31:28.338 [info] fatal: not a git repository (or any parent up to mount point /)
Stopping at filesystem boundary (GIT_DISCOVERY_ACROSS_FILESYSTEM not set).
2024-11-06 14:31:28.342 [info] > git rev-parse --show-toplevel [0ms]
2024-11-06 14:31:28.342 [info] fatal: not a git repository (or any parent up to mount point /)
Stopping at filesystem boundary (GIT_DISCOVERY_ACROSS_FILESYSTEM not set).
2024-11-06 14:31:28.342 [info] [Model][doInitialScan] Initial repository scan completed - repositories (0), closed repositories (0), parent repositories (0), unsafe repositories (0)
2024-11-06 14:31:30.252 [info] > git rev-parse --show-toplevel [1ms]
2024-11-06 14:31:30.252 [info] fatal: not a git repository (or any parent up to mount point /)
Stopping at filesystem boundary (GIT_DISCOVERY_ACROSS_FILESYSTEM not set).
2024-11-06 14:31:30.787 [info] > git rev-parse --show-toplevel [1ms]
2024-11-06 14:31:30.787 [info] fatal: not a git repository (or any parent up to mount point /)
Stopping at filesystem boundary (GIT_DISCOVERY_ACROSS_FILESYSTEM not set).
