2024-11-06 14:42:58.770 [info] [main] Log level: Info
2024-11-06 14:42:58.770 [info] [main] Validating found git in: "git"
2024-11-06 14:42:58.770 [info] [main] Using git "2.47.0" from "git"
2024-11-06 14:42:58.770 [info] [Model][doInitialScan] Initial repository scan started
2024-11-06 14:42:58.770 [info] > git rev-parse --show-toplevel [3ms]
2024-11-06 14:42:58.770 [info] fatal: not a git repository (or any parent up to mount point /)
Stopping at filesystem boundary (GIT_DISCOVERY_ACROSS_FILESYSTEM not set).
2024-11-06 14:42:58.770 [info] > git rev-parse --show-toplevel [2ms]
2024-11-06 14:42:58.770 [info] fatal: not a git repository (or any parent up to mount point /)
Stopping at filesystem boundary (GIT_DISCOVERY_ACROSS_FILESYSTEM not set).
2024-11-06 14:42:58.770 [info] [Model][doInitialScan] Initial repository scan completed - repositories (0), closed repositories (0), parent repositories (0), unsafe repositories (0)
2024-11-06 14:42:58.771 [info] > git rev-parse --show-toplevel [17ms]
2024-11-06 14:42:58.771 [info] fatal: not a git repository (or any parent up to mount point /)
Stopping at filesystem boundary (GIT_DISCOVERY_ACROSS_FILESYSTEM not set).
2024-11-06 14:42:58.781 [info] > git rev-parse --show-toplevel [4ms]
2024-11-06 14:42:58.781 [info] fatal: not a git repository (or any parent up to mount point /)
Stopping at filesystem boundary (GIT_DISCOVERY_ACROSS_FILESYSTEM not set).
2024-11-06 14:43:00.754 [info] > git rev-parse --show-toplevel [2ms]
2024-11-06 14:43:00.754 [info] fatal: not a git repository (or any parent up to mount point /)
Stopping at filesystem boundary (GIT_DISCOVERY_ACROSS_FILESYSTEM not set).
