2024-11-06 15:09:51.862 [info] [main] Log level: Info
2024-11-06 15:09:51.862 [info] [main] Validating found git in: "git"
2024-11-06 15:09:51.862 [info] [main] Using git "2.47.0" from "git"
2024-11-06 15:09:51.862 [info] [Model][doInitialScan] Initial repository scan started
2024-11-06 15:09:51.862 [info] > git rev-parse --show-toplevel [6ms]
2024-11-06 15:09:51.862 [info] > git rev-parse --git-dir --git-common-dir [1ms]
2024-11-06 15:09:51.862 [info] [Model][openRepository] Opened repository: /home/alice/hyprland-dotfiles
2024-11-06 15:09:51.862 [info] [Model][doInitialScan] Initial repository scan completed - repositories (1), closed repositories (0), parent repositories (0), unsafe repositories (0)
2024-11-06 15:09:51.868 [info] > git config --get commit.template [1ms]
2024-11-06 15:09:51.896 [info] > git for-each-ref --format=%(refname)%00%(upstream:short)%00%(objectname)%00%(upstream:track)%00%(upstream:remotename)%00%(upstream:remoteref) refs/heads/main refs/remotes/main [2ms]
2024-11-06 15:09:51.906 [info] > git status -z -uall [5ms]
2024-11-06 15:09:51.906 [info] > git for-each-ref --sort -committerdate --format %(refname) %(objectname) %(*objectname) [1ms]
2024-11-06 15:09:51.920 [info] > git for-each-ref --format=%(refname)%00%(upstream:short)%00%(objectname)%00%(upstream:track)%00%(upstream:remotename)%00%(upstream:remoteref) refs/heads/main refs/remotes/main [7ms]
2024-11-06 15:09:51.925 [info] > git config --get commit.template [5ms]
2024-11-06 15:09:51.925 [info] > git config --local branch.main.vscode-merge-base [1ms]
2024-11-06 15:09:51.925 [warning] [Git][config] git config failed: Failed to execute git
2024-11-06 15:09:51.955 [info] > git reflog main --grep-reflog=branch: Created from *. [26ms]
2024-11-06 15:09:51.962 [info] > git symbolic-ref --short refs/remotes/origin/HEAD [3ms]
2024-11-06 15:09:51.962 [info] fatal: ref refs/remotes/origin/HEAD is not a symbolic ref
2024-11-06 15:09:51.962 [warning] [Repository][getDefaultBranch] Failed to get default branch details: Failed to execute git.
2024-11-06 15:09:51.971 [info] > git for-each-ref --format=%(refname)%00%(upstream:short)%00%(objectname)%00%(upstream:track)%00%(upstream:remotename)%00%(upstream:remoteref) refs/heads/main refs/remotes/main [18ms]
2024-11-06 15:09:51.972 [info] > git merge-base refs/heads/main refs/remotes/origin/main [6ms]
2024-11-06 15:09:51.985 [info] > git status -z -uall [4ms]
2024-11-06 15:09:51.986 [info] > git diff --name-status -z --diff-filter=ADMR 94ec49ca22f6c7adfc3bb1a8dea14d6881f12c2c...refs/remotes/origin/main [9ms]
2024-11-06 15:09:51.986 [info] > git for-each-ref --sort -committerdate --format %(refname) %(objectname) %(*objectname) [2ms]
2024-11-06 15:09:52.375 [info] > git check-ignore -v -z --stdin [1ms]
2024-11-06 15:10:02.164 [info] > git log --format=%H%n%aN%n%aE%n%at%n%ct%n%P%n%D%n%B -z --shortstat --diff-merges=first-parent -n50 --skip=0 --topo-order --decorate=full --stdin [2ms]
2024-11-06 15:10:10.867 [info] > git show --textconv :README.md [8ms]
2024-11-06 15:10:10.868 [info] > git ls-files --stage -- /home/alice/hyprland-dotfiles/README.md [1ms]
2024-11-06 15:10:10.876 [info] > git cat-file -s 0c8f862f86bd52c0219a41189395458a845ba765 [1ms]
2024-11-06 15:11:12.272 [info] > git check-ignore -v -z --stdin [1ms]
2024-11-06 15:11:12.848 [info] > git config --get commit.template [4ms]
2024-11-06 15:11:12.849 [info] > git for-each-ref --format=%(refname)%00%(upstream:short)%00%(objectname)%00%(upstream:track)%00%(upstream:remotename)%00%(upstream:remoteref) refs/heads/main refs/remotes/main [1ms]
2024-11-06 15:11:12.857 [info] > git status -z -uall [5ms]
2024-11-06 15:11:12.857 [info] > git for-each-ref --sort -committerdate --format %(refname) %(objectname) %(*objectname) [1ms]
