2024-11-06 14:36:51.039 [info] [main] Log level: Info
2024-11-06 14:36:51.039 [info] [main] Validating found git in: "git"
2024-11-06 14:36:51.039 [info] [main] Using git "2.47.0" from "git"
2024-11-06 14:36:51.039 [info] [Model][doInitialScan] Initial repository scan started
2024-11-06 14:36:51.039 [info] > git rev-parse --show-toplevel [5ms]
2024-11-06 14:36:51.039 [info] fatal: not a git repository (or any parent up to mount point /)
Stopping at filesystem boundary (GIT_DISCOVERY_ACROSS_FILESYSTEM not set).
2024-11-06 14:36:51.039 [info] > git rev-parse --show-toplevel [4ms]
2024-11-06 14:36:51.039 [info] fatal: not a git repository (or any parent up to mount point /)
Stopping at filesystem boundary (GIT_DISCOVERY_ACROSS_FILESYSTEM not set).
2024-11-06 14:36:51.039 [info] > git rev-parse --show-toplevel [0ms]
2024-11-06 14:36:51.039 [info] fatal: not a git repository (or any parent up to mount point /)
Stopping at filesystem boundary (GIT_DISCOVERY_ACROSS_FILESYSTEM not set).
2024-11-06 14:36:51.044 [info] > git rev-parse --show-toplevel [1ms]
2024-11-06 14:36:51.044 [info] fatal: not a git repository (or any parent up to mount point /)
Stopping at filesystem boundary (GIT_DISCOVERY_ACROSS_FILESYSTEM not set).
2024-11-06 14:36:51.048 [info] > git rev-parse --show-toplevel [1ms]
2024-11-06 14:36:51.048 [info] fatal: not a git repository (or any parent up to mount point /)
Stopping at filesystem boundary (GIT_DISCOVERY_ACROSS_FILESYSTEM not set).
2024-11-06 14:36:51.048 [info] [Model][doInitialScan] Initial repository scan completed - repositories (0), closed repositories (0), parent repositories (0), unsafe repositories (0)
2024-11-06 14:36:52.972 [info] > git rev-parse --show-toplevel [1ms]
2024-11-06 14:36:52.972 [info] fatal: not a git repository (or any parent up to mount point /)
Stopping at filesystem boundary (GIT_DISCOVERY_ACROSS_FILESYSTEM not set).
