2024-11-06 14:39:11.980 [info] [main] Log level: Info
2024-11-06 14:39:11.980 [info] [main] Validating found git in: "git"
2024-11-06 14:39:11.980 [info] [main] Using git "2.47.0" from "git"
2024-11-06 14:39:11.980 [info] [Model][doInitialScan] Initial repository scan started
2024-11-06 14:39:11.980 [info] > git rev-parse --show-toplevel [8ms]
2024-11-06 14:39:11.980 [info] fatal: not a git repository (or any parent up to mount point /)
Stopping at filesystem boundary (GIT_DISCOVERY_ACROSS_FILESYSTEM not set).
2024-11-06 14:39:11.980 [info] > git rev-parse --show-toplevel [7ms]
2024-11-06 14:39:11.980 [info] fatal: not a git repository (or any parent up to mount point /)
Stopping at filesystem boundary (GIT_DISCOVERY_ACROSS_FILESYSTEM not set).
2024-11-06 14:39:11.981 [info] > git rev-parse --show-toplevel [1ms]
2024-11-06 14:39:11.981 [info] fatal: not a git repository (or any parent up to mount point /)
Stopping at filesystem boundary (GIT_DISCOVERY_ACROSS_FILESYSTEM not set).
2024-11-06 14:39:11.981 [info] [Model][doInitialScan] Initial repository scan completed - repositories (0), closed repositories (0), parent repositories (0), unsafe repositories (0)
2024-11-06 14:39:13.638 [info] > git rev-parse --show-toplevel [1ms]
2024-11-06 14:39:13.638 [info] fatal: not a git repository (or any parent up to mount point /)
Stopping at filesystem boundary (GIT_DISCOVERY_ACROSS_FILESYSTEM not set).
2024-11-06 14:39:52.461 [info] > git rev-parse --show-toplevel [1ms]
2024-11-06 14:39:52.462 [info] fatal: not a git repository (or any parent up to mount point /)
Stopping at filesystem boundary (GIT_DISCOVERY_ACROSS_FILESYSTEM not set).
2024-11-06 14:39:56.851 [info] > git rev-parse --show-toplevel [2ms]
2024-11-06 14:39:56.851 [info] fatal: not a git repository (or any parent up to mount point /)
Stopping at filesystem boundary (GIT_DISCOVERY_ACROSS_FILESYSTEM not set).
2024-11-06 14:47:42.159 [info] > git rev-parse --show-toplevel [1ms]
2024-11-06 14:47:42.159 [info] fatal: not a git repository (or any parent up to mount point /)
Stopping at filesystem boundary (GIT_DISCOVERY_ACROSS_FILESYSTEM not set).
2024-11-06 15:09:10.478 [info] > git rev-parse --show-toplevel [1ms]
2024-11-06 15:09:10.478 [info] fatal: not a git repository (or any parent up to mount point /)
Stopping at filesystem boundary (GIT_DISCOVERY_ACROSS_FILESYSTEM not set).
