2024-11-06 14:11:05.830 [info] [main] Log level: Info
2024-11-06 14:11:05.830 [info] [main] Validating found git in: "git"
2024-11-06 14:11:05.830 [info] [main] Using git "2.47.0" from "git"
2024-11-06 14:11:05.830 [info] [Model][doInitialScan] Initial repository scan started
2024-11-06 14:11:05.830 [info] > git rev-parse --show-toplevel [5ms]
2024-11-06 14:11:05.830 [info] fatal: not a git repository (or any parent up to mount point /)
Stopping at filesystem boundary (GIT_DISCOVERY_ACROSS_FILESYSTEM not set).
2024-11-06 14:11:05.830 [info] > git rev-parse --show-toplevel [2ms]
2024-11-06 14:11:05.830 [info] fatal: not a git repository (or any parent up to mount point /)
Stopping at filesystem boundary (GIT_DISCOVERY_ACROSS_FILESYSTEM not set).
2024-11-06 14:11:05.830 [info] > git rev-parse --show-toplevel [1ms]
2024-11-06 14:11:05.830 [info] fatal: not a git repository (or any parent up to mount point /)
Stopping at filesystem boundary (GIT_DISCOVERY_ACROSS_FILESYSTEM not set).
2024-11-06 14:11:05.837 [info] > git rev-parse --show-toplevel [2ms]
2024-11-06 14:11:05.837 [info] fatal: not a git repository (or any parent up to mount point /)
Stopping at filesystem boundary (GIT_DISCOVERY_ACROSS_FILESYSTEM not set).
2024-11-06 14:11:05.866 [info] > git rev-parse --show-toplevel [9ms]
2024-11-06 14:11:05.866 [info] fatal: not a git repository (or any parent up to mount point /)
Stopping at filesystem boundary (GIT_DISCOVERY_ACROSS_FILESYSTEM not set).
2024-11-06 14:11:05.866 [info] [Model][doInitialScan] Initial repository scan completed - repositories (0), closed repositories (0), parent repositories (0), unsafe repositories (0)
2024-11-06 14:11:05.871 [info] > git rev-parse --show-toplevel [0ms]
2024-11-06 14:11:05.871 [info] fatal: not a git repository (or any parent up to mount point /)
Stopping at filesystem boundary (GIT_DISCOVERY_ACROSS_FILESYSTEM not set).
2024-11-06 14:11:07.829 [info] > git rev-parse --show-toplevel [1ms]
2024-11-06 14:11:07.830 [info] fatal: not a git repository (or any parent up to mount point /)
Stopping at filesystem boundary (GIT_DISCOVERY_ACROSS_FILESYSTEM not set).
2024-11-06 14:11:09.167 [info] > git rev-parse --show-toplevel [1ms]
2024-11-06 14:11:09.167 [info] fatal: not a git repository (or any parent up to mount point /)
Stopping at filesystem boundary (GIT_DISCOVERY_ACROSS_FILESYSTEM not set).
2024-11-06 14:11:14.804 [info] > git rev-parse --show-toplevel [1ms]
2024-11-06 14:11:14.804 [info] fatal: not a git repository (or any parent up to mount point /)
Stopping at filesystem boundary (GIT_DISCOVERY_ACROSS_FILESYSTEM not set).
2024-11-06 14:11:21.082 [info] > git rev-parse --show-toplevel [1ms]
2024-11-06 14:11:21.082 [info] fatal: not a git repository (or any parent up to mount point /)
Stopping at filesystem boundary (GIT_DISCOVERY_ACROSS_FILESYSTEM not set).
2024-11-06 14:11:21.419 [info] > git rev-parse --show-toplevel [2ms]
2024-11-06 14:11:21.419 [info] fatal: not a git repository (or any parent up to mount point /)
Stopping at filesystem boundary (GIT_DISCOVERY_ACROSS_FILESYSTEM not set).
2024-11-06 14:11:21.885 [info] > git rev-parse --show-toplevel [1ms]
2024-11-06 14:11:21.885 [info] fatal: not a git repository (or any parent up to mount point /)
Stopping at filesystem boundary (GIT_DISCOVERY_ACROSS_FILESYSTEM not set).
2024-11-06 14:11:22.361 [info] > git rev-parse --show-toplevel [3ms]
2024-11-06 14:11:22.361 [info] fatal: not a git repository (or any parent up to mount point /)
Stopping at filesystem boundary (GIT_DISCOVERY_ACROSS_FILESYSTEM not set).
2024-11-06 14:11:22.765 [info] > git rev-parse --show-toplevel [1ms]
2024-11-06 14:11:22.765 [info] fatal: not a git repository (or any parent up to mount point /)
Stopping at filesystem boundary (GIT_DISCOVERY_ACROSS_FILESYSTEM not set).
2024-11-06 14:13:07.291 [info] > git rev-parse --show-toplevel [1ms]
2024-11-06 14:13:07.291 [info] fatal: not a git repository (or any parent up to mount point /)
Stopping at filesystem boundary (GIT_DISCOVERY_ACROSS_FILESYSTEM not set).
2024-11-06 14:13:10.336 [info] > git rev-parse --show-toplevel [1ms]
2024-11-06 14:13:10.336 [info] fatal: not a git repository (or any parent up to mount point /)
Stopping at filesystem boundary (GIT_DISCOVERY_ACROSS_FILESYSTEM not set).
2024-11-06 14:13:11.015 [info] > git rev-parse --show-toplevel [2ms]
2024-11-06 14:13:11.015 [info] fatal: not a git repository (or any parent up to mount point /)
Stopping at filesystem boundary (GIT_DISCOVERY_ACROSS_FILESYSTEM not set).
2024-11-06 14:13:42.893 [info] > git rev-parse --show-toplevel [1ms]
2024-11-06 14:13:42.893 [info] fatal: not a git repository (or any parent up to mount point /)
Stopping at filesystem boundary (GIT_DISCOVERY_ACROSS_FILESYSTEM not set).
2024-11-06 14:13:49.137 [info] > git rev-parse --show-toplevel [2ms]
2024-11-06 14:13:49.137 [info] fatal: not a git repository (or any parent up to mount point /)
Stopping at filesystem boundary (GIT_DISCOVERY_ACROSS_FILESYSTEM not set).
2024-11-06 14:13:59.944 [info] > git rev-parse --show-toplevel [2ms]
2024-11-06 14:13:59.944 [info] fatal: not a git repository (or any parent up to mount point /)
Stopping at filesystem boundary (GIT_DISCOVERY_ACROSS_FILESYSTEM not set).
