2024-11-06 15:09:14.046 [info] [main] Log level: Info
2024-11-06 15:09:14.046 [info] [main] Validating found git in: "git"
2024-11-06 15:09:14.046 [info] [main] Using git "2.47.0" from "git"
2024-11-06 15:09:14.046 [info] [Model][doInitialScan] Initial repository scan started
2024-11-06 15:09:14.046 [info] > git rev-parse --show-toplevel [4ms]
2024-11-06 15:09:14.046 [info] > git rev-parse --git-dir --git-common-dir [2ms]
2024-11-06 15:09:14.046 [info] [Model][openRepository] Opened repository: /home/alice/hyprland-dotfiles
2024-11-06 15:09:14.046 [info] [Model][doInitialScan] Initial repository scan completed - repositories (1), closed repositories (0), parent repositories (0), unsafe repositories (0)
2024-11-06 15:09:14.053 [info] > git config --get commit.template [3ms]
2024-11-06 15:09:14.082 [info] > git for-each-ref --format=%(refname)%00%(upstream:short)%00%(objectname)%00%(upstream:track)%00%(upstream:remotename)%00%(upstream:remoteref) refs/heads/main refs/remotes/main [2ms]
2024-11-06 15:09:14.082 [warning] [Git][getBranch] No such branch: main
2024-11-06 15:09:14.091 [info] > git status -z -uall [5ms]
2024-11-06 15:09:14.092 [info] > git for-each-ref --sort -committerdate --format %(refname) %(objectname) %(*objectname) [2ms]
2024-11-06 15:09:14.102 [info] > git for-each-ref --format=%(refname)%00%(upstream:short)%00%(objectname)%00%(upstream:track)%00%(upstream:remotename)%00%(upstream:remoteref) refs/heads/main refs/remotes/main [5ms]
2024-11-06 15:09:14.103 [warning] [Git][getBranch] No such branch: main
2024-11-06 15:09:14.103 [error] [GitHistoryProvider][resolveHEADMergeBase] Failed to resolve merge base for main: Error: No such branch: main.
2024-11-06 15:09:14.104 [info] > git config --get commit.template [2ms]
2024-11-06 15:09:14.134 [info] > git for-each-ref --format=%(refname)%00%(upstream:short)%00%(objectname)%00%(upstream:track)%00%(upstream:remotename)%00%(upstream:remoteref) refs/heads/main refs/remotes/main [4ms]
2024-11-06 15:09:14.134 [warning] [Git][getBranch] No such branch: main
2024-11-06 15:09:14.142 [info] > git status -z -uall [5ms]
2024-11-06 15:09:14.143 [info] > git for-each-ref --sort -committerdate --format %(refname) %(objectname) %(*objectname) [2ms]
