2024-11-06 14:29:54.239 [info] [main] Log level: Info
2024-11-06 14:29:54.239 [info] [main] Validating found git in: "git"
2024-11-06 14:29:54.239 [info] [main] Using git "2.47.0" from "git"
2024-11-06 14:29:54.239 [info] [Model][doInitialScan] Initial repository scan started
2024-11-06 14:29:54.239 [info] > git rev-parse --show-toplevel [8ms]
2024-11-06 14:29:54.239 [info] fatal: not a git repository (or any parent up to mount point /)
Stopping at filesystem boundary (GIT_DISCOVERY_ACROSS_FILESYSTEM not set).
2024-11-06 14:29:54.239 [info] > git rev-parse --show-toplevel [4ms]
2024-11-06 14:29:54.239 [info] fatal: not a git repository (or any parent up to mount point /)
Stopping at filesystem boundary (GIT_DISCOVERY_ACROSS_FILESYSTEM not set).
2024-11-06 14:29:54.239 [info] [Model][doInitialScan] Initial repository scan completed - repositories (0), closed repositories (0), parent repositories (0), unsafe repositories (0)
2024-11-06 14:29:54.244 [info] > git rev-parse --show-toplevel [1ms]
2024-11-06 14:29:54.244 [info] fatal: not a git repository (or any parent up to mount point /)
Stopping at filesystem boundary (GIT_DISCOVERY_ACROSS_FILESYSTEM not set).
2024-11-06 14:29:56.205 [info] > git rev-parse --show-toplevel [1ms]
2024-11-06 14:29:56.205 [info] fatal: not a git repository (or any parent up to mount point /)
Stopping at filesystem boundary (GIT_DISCOVERY_ACROSS_FILESYSTEM not set).
2024-11-06 14:31:27.391 [info] > git rev-parse --show-toplevel [2ms]
2024-11-06 14:31:27.391 [info] fatal: not a git repository (or any parent up to mount point /)
Stopping at filesystem boundary (GIT_DISCOVERY_ACROSS_FILESYSTEM not set).
