2024-11-06 14:04:30.996 [info] [main] Log level: Info
2024-11-06 14:04:30.996 [info] [main] Validating found git in: "git"
2024-11-06 14:04:30.996 [info] [main] Using git "2.47.0" from "git"
2024-11-06 14:04:30.996 [info] [Model][doInitialScan] Initial repository scan started
2024-11-06 14:04:30.996 [info] > git rev-parse --show-toplevel [7ms]
2024-11-06 14:04:30.996 [info] fatal: not a git repository (or any parent up to mount point /)
Stopping at filesystem boundary (GIT_DISCOVERY_ACROSS_FILESYSTEM not set).
2024-11-06 14:04:30.996 [info] > git rev-parse --show-toplevel [1ms]
2024-11-06 14:04:30.996 [info] fatal: not a git repository (or any parent up to mount point /)
Stopping at filesystem boundary (GIT_DISCOVERY_ACROSS_FILESYSTEM not set).
2024-11-06 14:04:31.004 [info] > git rev-parse --show-toplevel [0ms]
2024-11-06 14:04:31.004 [info] fatal: not a git repository (or any parent up to mount point /)
Stopping at filesystem boundary (GIT_DISCOVERY_ACROSS_FILESYSTEM not set).
2024-11-06 14:04:31.009 [info] > git rev-parse --show-toplevel [1ms]
2024-11-06 14:04:31.009 [info] fatal: not a git repository (or any parent up to mount point /)
Stopping at filesystem boundary (GIT_DISCOVERY_ACROSS_FILESYSTEM not set).
2024-11-06 14:04:31.013 [info] > git rev-parse --show-toplevel [0ms]
2024-11-06 14:04:31.013 [info] fatal: not a git repository (or any parent up to mount point /)
Stopping at filesystem boundary (GIT_DISCOVERY_ACROSS_FILESYSTEM not set).
2024-11-06 14:04:31.018 [info] > git rev-parse --show-toplevel [1ms]
2024-11-06 14:04:31.018 [info] fatal: not a git repository (or any parent up to mount point /)
Stopping at filesystem boundary (GIT_DISCOVERY_ACROSS_FILESYSTEM not set).
2024-11-06 14:04:31.022 [info] > git rev-parse --show-toplevel [0ms]
2024-11-06 14:04:31.023 [info] fatal: not a git repository (or any parent up to mount point /)
Stopping at filesystem boundary (GIT_DISCOVERY_ACROSS_FILESYSTEM not set).
2024-11-06 14:04:31.027 [info] > git rev-parse --show-toplevel [1ms]
2024-11-06 14:04:31.027 [info] fatal: not a git repository (or any parent up to mount point /)
Stopping at filesystem boundary (GIT_DISCOVERY_ACROSS_FILESYSTEM not set).
2024-11-06 14:04:31.031 [info] > git rev-parse --show-toplevel [1ms]
2024-11-06 14:04:31.031 [info] fatal: not a git repository (or any parent up to mount point /)
Stopping at filesystem boundary (GIT_DISCOVERY_ACROSS_FILESYSTEM not set).
2024-11-06 14:04:31.036 [info] > git rev-parse --show-toplevel [0ms]
2024-11-06 14:04:31.036 [info] fatal: not a git repository (or any parent up to mount point /)
Stopping at filesystem boundary (GIT_DISCOVERY_ACROSS_FILESYSTEM not set).
2024-11-06 14:04:31.040 [info] > git rev-parse --show-toplevel [1ms]
2024-11-06 14:04:31.040 [info] fatal: not a git repository (or any parent up to mount point /)
Stopping at filesystem boundary (GIT_DISCOVERY_ACROSS_FILESYSTEM not set).
2024-11-06 14:04:31.044 [info] > git rev-parse --show-toplevel [1ms]
2024-11-06 14:04:31.044 [info] fatal: not a git repository (or any parent up to mount point /)
Stopping at filesystem boundary (GIT_DISCOVERY_ACROSS_FILESYSTEM not set).
2024-11-06 14:04:31.048 [info] > git rev-parse --show-toplevel [1ms]
2024-11-06 14:04:31.048 [info] fatal: not a git repository (or any parent up to mount point /)
Stopping at filesystem boundary (GIT_DISCOVERY_ACROSS_FILESYSTEM not set).
2024-11-06 14:04:31.052 [info] > git rev-parse --show-toplevel [1ms]
2024-11-06 14:04:31.052 [info] fatal: not a git repository (or any parent up to mount point /)
Stopping at filesystem boundary (GIT_DISCOVERY_ACROSS_FILESYSTEM not set).
2024-11-06 14:04:31.056 [info] > git rev-parse --show-toplevel [0ms]
2024-11-06 14:04:31.056 [info] fatal: not a git repository (or any parent up to mount point /)
Stopping at filesystem boundary (GIT_DISCOVERY_ACROSS_FILESYSTEM not set).
2024-11-06 14:04:31.060 [info] > git rev-parse --show-toplevel [0ms]
2024-11-06 14:04:31.060 [info] fatal: not a git repository (or any parent up to mount point /)
Stopping at filesystem boundary (GIT_DISCOVERY_ACROSS_FILESYSTEM not set).
2024-11-06 14:04:31.065 [info] > git rev-parse --show-toplevel [1ms]
2024-11-06 14:04:31.065 [info] fatal: not a git repository (or any parent up to mount point /)
Stopping at filesystem boundary (GIT_DISCOVERY_ACROSS_FILESYSTEM not set).
2024-11-06 14:04:31.069 [info] > git rev-parse --show-toplevel [0ms]
2024-11-06 14:04:31.069 [info] fatal: not a git repository (or any parent up to mount point /)
Stopping at filesystem boundary (GIT_DISCOVERY_ACROSS_FILESYSTEM not set).
2024-11-06 14:04:31.073 [info] > git rev-parse --show-toplevel [0ms]
2024-11-06 14:04:31.073 [info] fatal: not a git repository (or any parent up to mount point /)
Stopping at filesystem boundary (GIT_DISCOVERY_ACROSS_FILESYSTEM not set).
2024-11-06 14:04:31.077 [info] > git rev-parse --show-toplevel [0ms]
2024-11-06 14:04:31.077 [info] fatal: not a git repository (or any parent up to mount point /)
Stopping at filesystem boundary (GIT_DISCOVERY_ACROSS_FILESYSTEM not set).
2024-11-06 14:04:31.082 [info] > git rev-parse --show-toplevel [1ms]
2024-11-06 14:04:31.082 [info] fatal: not a git repository (or any parent up to mount point /)
Stopping at filesystem boundary (GIT_DISCOVERY_ACROSS_FILESYSTEM not set).
2024-11-06 14:04:31.086 [info] > git rev-parse --show-toplevel [1ms]
2024-11-06 14:04:31.086 [info] fatal: not a git repository (or any parent up to mount point /)
Stopping at filesystem boundary (GIT_DISCOVERY_ACROSS_FILESYSTEM not set).
2024-11-06 14:04:31.090 [info] > git rev-parse --show-toplevel [1ms]
2024-11-06 14:04:31.090 [info] fatal: not a git repository (or any parent up to mount point /)
Stopping at filesystem boundary (GIT_DISCOVERY_ACROSS_FILESYSTEM not set).
2024-11-06 14:04:31.094 [info] > git rev-parse --show-toplevel [1ms]
2024-11-06 14:04:31.094 [info] fatal: not a git repository (or any parent up to mount point /)
Stopping at filesystem boundary (GIT_DISCOVERY_ACROSS_FILESYSTEM not set).
2024-11-06 14:04:31.099 [info] > git rev-parse --show-toplevel [1ms]
2024-11-06 14:04:31.099 [info] fatal: not a git repository (or any parent up to mount point /)
Stopping at filesystem boundary (GIT_DISCOVERY_ACROSS_FILESYSTEM not set).
2024-11-06 14:04:31.103 [info] > git rev-parse --show-toplevel [1ms]
2024-11-06 14:04:31.103 [info] fatal: not a git repository (or any parent up to mount point /)
Stopping at filesystem boundary (GIT_DISCOVERY_ACROSS_FILESYSTEM not set).
2024-11-06 14:04:31.107 [info] > git rev-parse --show-toplevel [1ms]
2024-11-06 14:04:31.107 [info] fatal: not a git repository (or any parent up to mount point /)
Stopping at filesystem boundary (GIT_DISCOVERY_ACROSS_FILESYSTEM not set).
2024-11-06 14:04:31.111 [info] > git rev-parse --show-toplevel [1ms]
2024-11-06 14:04:31.111 [info] fatal: not a git repository (or any parent up to mount point /)
Stopping at filesystem boundary (GIT_DISCOVERY_ACROSS_FILESYSTEM not set).
2024-11-06 14:04:31.115 [info] > git rev-parse --show-toplevel [1ms]
2024-11-06 14:04:31.115 [info] fatal: not a git repository (or any parent up to mount point /)
Stopping at filesystem boundary (GIT_DISCOVERY_ACROSS_FILESYSTEM not set).
2024-11-06 14:04:31.119 [info] > git rev-parse --show-toplevel [1ms]
2024-11-06 14:04:31.119 [info] fatal: not a git repository (or any parent up to mount point /)
Stopping at filesystem boundary (GIT_DISCOVERY_ACROSS_FILESYSTEM not set).
2024-11-06 14:04:31.123 [info] > git rev-parse --show-toplevel [1ms]
2024-11-06 14:04:31.123 [info] fatal: not a git repository (or any parent up to mount point /)
Stopping at filesystem boundary (GIT_DISCOVERY_ACROSS_FILESYSTEM not set).
2024-11-06 14:04:31.127 [info] > git rev-parse --show-toplevel [1ms]
2024-11-06 14:04:31.127 [info] fatal: not a git repository (or any parent up to mount point /)
Stopping at filesystem boundary (GIT_DISCOVERY_ACROSS_FILESYSTEM not set).
2024-11-06 14:04:31.131 [info] > git rev-parse --show-toplevel [1ms]
2024-11-06 14:04:31.131 [info] fatal: not a git repository (or any parent up to mount point /)
Stopping at filesystem boundary (GIT_DISCOVERY_ACROSS_FILESYSTEM not set).
2024-11-06 14:04:31.135 [info] > git rev-parse --show-toplevel [1ms]
2024-11-06 14:04:31.135 [info] fatal: not a git repository (or any parent up to mount point /)
Stopping at filesystem boundary (GIT_DISCOVERY_ACROSS_FILESYSTEM not set).
2024-11-06 14:04:31.139 [info] > git rev-parse --show-toplevel [1ms]
2024-11-06 14:04:31.139 [info] fatal: not a git repository (or any parent up to mount point /)
Stopping at filesystem boundary (GIT_DISCOVERY_ACROSS_FILESYSTEM not set).
2024-11-06 14:04:31.143 [info] > git rev-parse --show-toplevel [0ms]
2024-11-06 14:04:31.143 [info] fatal: not a git repository (or any parent up to mount point /)
Stopping at filesystem boundary (GIT_DISCOVERY_ACROSS_FILESYSTEM not set).
2024-11-06 14:04:31.148 [info] > git rev-parse --show-toplevel [1ms]
2024-11-06 14:04:31.148 [info] fatal: not a git repository (or any parent up to mount point /)
Stopping at filesystem boundary (GIT_DISCOVERY_ACROSS_FILESYSTEM not set).
2024-11-06 14:04:31.153 [info] > git rev-parse --show-toplevel [1ms]
2024-11-06 14:04:31.153 [info] fatal: not a git repository (or any parent up to mount point /)
Stopping at filesystem boundary (GIT_DISCOVERY_ACROSS_FILESYSTEM not set).
2024-11-06 14:04:31.153 [info] [Model][doInitialScan] Initial repository scan completed - repositories (0), closed repositories (0), parent repositories (0), unsafe repositories (0)
2024-11-06 14:04:32.952 [info] > git rev-parse --show-toplevel [2ms]
2024-11-06 14:04:32.952 [info] fatal: not a git repository (or any parent up to mount point /)
Stopping at filesystem boundary (GIT_DISCOVERY_ACROSS_FILESYSTEM not set).
2024-11-06 14:06:42.306 [info] > git rev-parse --show-toplevel [1ms]
2024-11-06 14:06:42.306 [info] fatal: not a git repository (or any parent up to mount point /)
Stopping at filesystem boundary (GIT_DISCOVERY_ACROSS_FILESYSTEM not set).
2024-11-06 14:07:28.502 [info] > git rev-parse --show-toplevel [1ms]
2024-11-06 14:07:28.502 [info] fatal: not a git repository (or any parent up to mount point /)
Stopping at filesystem boundary (GIT_DISCOVERY_ACROSS_FILESYSTEM not set).
2024-11-06 14:08:11.170 [info] > git rev-parse --show-toplevel [1ms]
2024-11-06 14:08:11.170 [info] fatal: not a git repository (or any parent up to mount point /)
Stopping at filesystem boundary (GIT_DISCOVERY_ACROSS_FILESYSTEM not set).
2024-11-06 14:08:12.433 [info] > git rev-parse --show-toplevel [1ms]
2024-11-06 14:08:12.433 [info] fatal: not a git repository (or any parent up to mount point /)
Stopping at filesystem boundary (GIT_DISCOVERY_ACROSS_FILESYSTEM not set).
2024-11-06 14:09:08.176 [info] > git rev-parse --show-toplevel [1ms]
2024-11-06 14:09:08.176 [info] fatal: not a git repository (or any parent up to mount point /)
Stopping at filesystem boundary (GIT_DISCOVERY_ACROSS_FILESYSTEM not set).
2024-11-06 14:09:14.634 [info] > git rev-parse --show-toplevel [1ms]
2024-11-06 14:09:14.634 [info] fatal: not a git repository (or any parent up to mount point /)
Stopping at filesystem boundary (GIT_DISCOVERY_ACROSS_FILESYSTEM not set).
2024-11-06 14:09:19.524 [info] > git rev-parse --show-toplevel [1ms]
2024-11-06 14:09:19.524 [info] fatal: not a git repository (or any parent up to mount point /)
Stopping at filesystem boundary (GIT_DISCOVERY_ACROSS_FILESYSTEM not set).
2024-11-06 14:09:25.843 [info] > git rev-parse --show-toplevel [1ms]
2024-11-06 14:09:25.843 [info] fatal: not a git repository (or any parent up to mount point /)
Stopping at filesystem boundary (GIT_DISCOVERY_ACROSS_FILESYSTEM not set).
2024-11-06 14:09:37.793 [info] > git rev-parse --show-toplevel [1ms]
2024-11-06 14:09:37.793 [info] fatal: not a git repository (or any parent up to mount point /)
Stopping at filesystem boundary (GIT_DISCOVERY_ACROSS_FILESYSTEM not set).
2024-11-06 14:11:59.299 [info] > git rev-parse --show-toplevel [0ms]
2024-11-06 14:11:59.299 [info] fatal: not a git repository (or any parent up to mount point /)
Stopping at filesystem boundary (GIT_DISCOVERY_ACROSS_FILESYSTEM not set).
2024-11-06 14:15:05.944 [info] > git rev-parse --show-toplevel [1ms]
2024-11-06 14:15:05.944 [info] fatal: not a git repository (or any parent up to mount point /)
Stopping at filesystem boundary (GIT_DISCOVERY_ACROSS_FILESYSTEM not set).
2024-11-06 14:22:47.439 [info] > git rev-parse --show-toplevel [1ms]
2024-11-06 14:22:47.439 [info] fatal: not a git repository (or any parent up to mount point /)
Stopping at filesystem boundary (GIT_DISCOVERY_ACROSS_FILESYSTEM not set).
2024-11-06 14:24:15.428 [info] > git rev-parse --show-toplevel [1ms]
2024-11-06 14:24:15.428 [info] fatal: not a git repository (or any parent up to mount point /)
Stopping at filesystem boundary (GIT_DISCOVERY_ACROSS_FILESYSTEM not set).
2024-11-06 14:29:35.361 [info] > git rev-parse --show-toplevel [1ms]
2024-11-06 14:29:35.361 [info] fatal: not a git repository (or any parent up to mount point /)
Stopping at filesystem boundary (GIT_DISCOVERY_ACROSS_FILESYSTEM not set).
2024-11-06 14:31:03.853 [info] > git rev-parse --show-toplevel [1ms]
2024-11-06 14:31:03.853 [info] fatal: not a git repository (or any parent up to mount point /)
Stopping at filesystem boundary (GIT_DISCOVERY_ACROSS_FILESYSTEM not set).
2024-11-06 14:31:14.639 [info] > git rev-parse --show-toplevel [1ms]
2024-11-06 14:31:14.639 [info] fatal: not a git repository (or any parent up to mount point /)
Stopping at filesystem boundary (GIT_DISCOVERY_ACROSS_FILESYSTEM not set).
2024-11-06 14:31:20.314 [info] > git rev-parse --show-toplevel [1ms]
2024-11-06 14:31:20.314 [info] fatal: not a git repository (or any parent up to mount point /)
Stopping at filesystem boundary (GIT_DISCOVERY_ACROSS_FILESYSTEM not set).
2024-11-06 14:31:27.389 [info] > git rev-parse --show-toplevel [0ms]
2024-11-06 14:31:27.389 [info] fatal: not a git repository (or any parent up to mount point /)
Stopping at filesystem boundary (GIT_DISCOVERY_ACROSS_FILESYSTEM not set).
